This is pdfTeX, Version 3.141592653-2.6-1.40.25 (MiKTeX 24.1) (preloaded format=pdflatex 2025.12.17)  31 MAR 2026 09:37
entering extended mode
 restricted \write18 enabled.
 %&-line parsing enabled.
**./CV_JLG_ang.tex
(CV_JLG_ang.tex
LaTeX2e <2023-11-01> patch level 1
L3 programming layer <2024-01-04>
(C:\Users\jlegallo\AppData\Local\Programs\MiKTeX\tex/latex/base\article.cls
Document Class: article 2023/05/17 v1.4n Standard LaTeX document class
(C:\Users\jlegallo\AppData\Local\Programs\MiKTeX\tex/latex/base\size12.clo
File: size12.clo 2023/05/17 v1.4n Standard LaTeX file (size option)
)
\c@part=\count187
\c@section=\count188
\c@subsection=\count189
\c@subsubsection=\count190
\c@paragraph=\count191
\c@subparagraph=\count192
\c@figure=\count193
\c@table=\count194
\abovecaptionskip=\skip48
\belowcaptionskip=\skip49
\bibindent=\dimen140
)
(C:\Users\jlegallo\AppData\Local\Programs\MiKTeX\tex/generic/babel\babel.sty
Package: babel 2026/03/08 v26.4 The multilingual framework for LuaLaTeX, pdfLaT
eX and XeLaTeX
\babel@savecnt=\count195
\U@D=\dimen141
\l@unhyphenated=\language79

(C:\Users\jlegallo\AppData\Local\Programs\MiKTeX\tex/generic/babel\txtbabel.def
)
\bbl@readstream=\read2
\bbl@dirlevel=\count196
Package babel Info: Configuration files are deprecated, as
(babel)             they can break document portability.
(babel)             Reported on input line 4206.

*************************************
* Local config file bblopts.cfg used
*
(C:\Users\jlegallo\AppData\Local\Programs\MiKTeX\tex/latex/arabi\bblopts.cfg
File: bblopts.cfg 2005/09/08 v0.1 add Arabic and Farsi to "declared" options of
 babel
)
(C:\Users\jlegallo\AppData\Local\Programs\MiKTeX\tex/generic/babel/locale/fr\ba
bel-french.tex)
Package babel Info: Importing font and identification data for french
(babel)             from babel-fr.ini. Reported on input line 4330.

(C:\Users\jlegallo\AppData\Local\Programs\MiKTeX\tex/generic/babel-french\frenc
h.ldf
Language: french 2025-08-15 v4.0e French support from the babel system

(C:\Users\jlegallo\AppData\Local\Programs\MiKTeX\tex/generic/babel-french\frenc
h3.ldf
Language: french 2025-08-15 v3.7e French support from the babel system
\FB@stdchar=\count197
Package babel Info: Making : an active character on input line 273.
Package babel Info: Making ; an active character on input line 274.
Package babel Info: Making ! an active character on input line 275.
Package babel Info: Making ? an active character on input line 276.
\FBguill@level=\count198
\FBold@everypar=\toks17
\FB@Mht=\dimen142
\mc@charclass=\count199
\mc@charfam=\count266
\mc@charslot=\count267
\std@mcc=\count268
\dec@mcc=\count269
\FB@pardim=\dimen143
\listindentFB=\dimen144
\descindentFB=\dimen145
\labelindentFB=\dimen146
\labelwidthFB=\dimen147
\leftmarginFB=\dimen148
\parindentFFN=\dimen149
\FBfnindent=\dimen150
)))
(C:\Users\jlegallo\AppData\Local\Programs\MiKTeX\tex/latex/carlisle\scalefnt.st
y) (C:\Users\jlegallo\AppData\Local\Programs\MiKTeX\tex/latex/base\fontenc.sty
Package: fontenc 2021/04/29 v2.0v Standard LaTeX package
) (C:\Users\jlegallo\AppData\Local\Programs\MiKTeX\tex/latex/base\inputenc.sty
Package: inputenc 2021/02/14 v1.3d Input encoding file
\inpenc@prehook=\toks18
\inpenc@posthook=\toks19

(C:\Users\jlegallo\AppData\Local\Programs\MiKTeX\tex/latex/base\latin1.def
File: latin1.def 2021/02/14 v1.3d Input encoding file
))
(C:\Users\jlegallo\AppData\Local\Programs\MiKTeX\tex/latex/psnfss\pifont.sty
Package: pifont 2020/03/25 PSNFSS-v9.3 Pi font support (SPQR) 
LaTeX Font Info:    Trying to load font information for U+pzd on input line 63.


(C:\Users\jlegallo\AppData\Local\Programs\MiKTeX\tex/latex/psnfss\upzd.fd
File: upzd.fd 2001/06/04 font definitions for U/pzd.
)
LaTeX Font Info:    Trying to load font information for U+psy on input line 64.


(C:\Users\jlegallo\AppData\Local\Programs\MiKTeX\tex/latex/psnfss\upsy.fd
File: upsy.fd 2001/06/04 font definitions for U/psy.
))
(C:\Users\jlegallo\AppData\Local\Programs\MiKTeX\tex/latex/url\url.sty
\Urlmuskip=\muskip16
Package: url 2013/09/16  ver 3.4  Verb mode for urls, etc.
)
(C:\Users\jlegallo\AppData\Local\Programs\MiKTeX\tex/latex/geometry\geometry.st
y
Package: geometry 2026/03/07 v6.0 Page Geometry

(C:\Users\jlegallo\AppData\Local\Programs\MiKTeX\tex/latex/graphics\keyval.sty
Package: keyval 2022/05/29 v1.15 key=value parser (DPC)
\KV@toks@=\toks20
) (C:\Users\jlegallo\AppData\Local\Programs\MiKTeX\tex/generic/iftex\ifvtex.sty
Package: ifvtex 2019/10/25 v1.7 ifvtex legacy package. Use iftex instead.

(C:\Users\jlegallo\AppData\Local\Programs\MiKTeX\tex/generic/iftex\iftex.sty
Package: iftex 2022/02/03 v1.0f TeX engine tests
))
\Gm@cnth=\count270
\Gm@cntv=\count271
\c@Gm@tempcnt=\count272
\Gm@bindingoffset=\dimen151
\Gm@wd@mp=\dimen152
\Gm@odd@mp=\dimen153
\Gm@even@mp=\dimen154
\Gm@layoutwidth=\dimen155
\Gm@layoutheight=\dimen156
\Gm@layouthoffset=\dimen157
\Gm@layoutvoffset=\dimen158
\Gm@dimlist=\toks21

(C:\Users\jlegallo\AppData\Local\Programs\MiKTeX\tex/latex/geometry\geometry.cf
g)) (C:\Users\jlegallo\AppData\Local\Programs\MiKTeX\tex/generic/soul\soul.sty
Package: soul 2026-03-06 v3.2 Permit use of UTF-8 characters in soul (HO)

(C:\Users\jlegallo\AppData\Local\Programs\MiKTeX\tex/generic/soul\soul-ori.sty
Package: soul-ori 2026-03-06 v3.2 letterspacing/underlining (mf)
\SOUL@word=\toks22
\SOUL@lasttoken=\toks23
\SOUL@syllable=\toks24
\SOUL@cmds=\toks25
\SOUL@buffer=\toks26
\SOUL@token=\toks27
\SOUL@syllgoal=\dimen159
\SOUL@syllwidth=\dimen160
\SOUL@charkern=\dimen161
\SOUL@hyphkern=\dimen162
\SOUL@dimen=\dimen163
\SOUL@dimeni=\dimen164
\SOUL@minus=\count273
\SOUL@comma=\count274
\SOUL@apo=\count275
\SOUL@grave=\count276
\SOUL@spaceskip=\skip50
\SOUL@ttwidth=\dimen165
\SOUL@uldp=\dimen166
\SOUL@ulht=\dimen167
)
(C:\Users\jlegallo\AppData\Local\Programs\MiKTeX\tex/generic/infwarerr\infwarer
r.sty
Package: infwarerr 2019/12/03 v1.5 Providing info/warning/error messages (HO)
)
(C:\Users\jlegallo\AppData\Local\Programs\MiKTeX\tex/generic/etexcmds\etexcmds.
sty
Package: etexcmds 2019/12/15 v1.7 Avoid name clashes with e-TeX commands (HO)
))
(C:\Users\jlegallo\AppData\Local\Programs\MiKTeX\tex/latex/tools\longtable.sty
Package: longtable 2023-11-01 v4.19 Multi-page Table package (DPC)
\LTleft=\skip51
\LTright=\skip52
\LTpre=\skip53
\LTpost=\skip54
\LTchunksize=\count277
\LTcapwidth=\dimen168
\LT@head=\box51
\LT@firsthead=\box52
\LT@foot=\box53
\LT@lastfoot=\box54
\LT@gbox=\box55
\LT@cols=\count278
\LT@rows=\count279
\c@LT@tables=\count280
\c@LT@chunks=\count281
\LT@p@ftn=\toks28
)
(C:\Users\jlegallo\AppData\Local\Programs\MiKTeX\tex/latex/l3backend\l3backend-
pdftex.def
File: l3backend-pdftex.def 2024-01-04 L3 backend support: PDF output (pdfTeX)
\l__color_backend_stack_int=\count282
\l__pdf_internal_box=\box56
) (CV_JLG_ang.aux
Package babel Info: 'french' activates 'french' shorthands.
(babel)             Reported on input line 11.
)
\openout1 = `CV_JLG_ang.aux'.

LaTeX Font Info:    Checking defaults for OML/cmm/m/it on input line 45.
LaTeX Font Info:    ... okay on input line 45.
LaTeX Font Info:    Checking defaults for OMS/cmsy/m/n on input line 45.
LaTeX Font Info:    ... okay on input line 45.
LaTeX Font Info:    Checking defaults for OT1/cmr/m/n on input line 45.
LaTeX Font Info:    ... okay on input line 45.
LaTeX Font Info:    Checking defaults for T1/cmr/m/n on input line 45.
LaTeX Font Info:    ... okay on input line 45.
LaTeX Font Info:    Checking defaults for TS1/cmr/m/n on input line 45.
LaTeX Font Info:    ... okay on input line 45.
LaTeX Font Info:    Checking defaults for OMX/cmex/m/n on input line 45.
LaTeX Font Info:    ... okay on input line 45.
LaTeX Font Info:    Checking defaults for U/cmr/m/n on input line 45.
LaTeX Font Info:    ... okay on input line 45.
LaTeX Info: Redefining \degres on input line 45.

*geometry* driver: auto-detecting
*geometry* detected driver: pdftex
*geometry* verbose mode - [ preamble ] result:
* driver: pdftex
* paper: a4paper
* layout: <same size as paper>
* layoutoffset:(h,v)=(0.0pt,0.0pt)
* modes: 
* h-part:(L,W,R)=(71.13188pt, 455.24411pt, 71.13188pt)
* v-part:(T,H,B)=(71.13188pt, 702.78308pt, 71.13188pt)
* \paperwidth=597.50787pt
* \paperheight=845.04684pt
* \textwidth=455.24411pt
* \textheight=702.78308pt
* \oddsidemargin=-1.1381pt
* \evensidemargin=-1.1381pt
* \topmargin=-38.1381pt
* \headheight=12.0pt
* \headsep=25.0pt
* \topskip=12.0pt
* \footskip=30.0pt
* \marginparwidth=35.0pt
* \marginparsep=10.0pt
* \columnsep=10.0pt
* \skip\footins=10.8pt plus 4.0pt minus 2.0pt
* \hoffset=0.0pt
* \voffset=0.0pt
* \mag=1000
* \@twocolumnfalse
* \@twosidefalse
* \@mparswitchfalse
* \@reversemarginfalse
* (1in=72.27pt=25.4mm, 1cm=28.453pt)


Underfull \hbox (badness 10000) in paragraph at lines 59--60

 []

LaTeX Font Info:    Trying to load font information for T1+cmtt on input line 7
6.
(C:\Users\jlegallo\AppData\Local\Programs\MiKTeX\tex/latex/base\t1cmtt.fd
File: t1cmtt.fd 2023/04/13 v2.5m Standard LaTeX font definitions
)
LaTeX Font Info:    External font `cmex10' loaded for size
(Font)              <12> on input line 76.
LaTeX Font Info:    External font `cmex10' loaded for size
(Font)              <8> on input line 76.
LaTeX Font Info:    External font `cmex10' loaded for size
(Font)              <6> on input line 76.

Underfull \hbox (badness 10000) in paragraph at lines 83--84

 []

\annee=\skip55
\texte=\skip56

Overfull \hbox (6.0pt too wide) in alignment at lines 98--106
 [] [] 
 []

[1

{C:/Users/jlegallo/AppData/Local/MiKTeX/fonts/map/pdftex/pdftex.map}]
Underfull \hbox (badness 10000) in paragraph at lines 112--113

 []


Underfull \hbox (badness 10000) in paragraph at lines 114--118

 []


Underfull \hbox (badness 10000) in paragraph at lines 121--122

 []


Underfull \hbox (badness 10000) in paragraph at lines 134--135

 []


Underfull \hbox (badness 10000) in paragraph at lines 136--140

 []

[2]
Underfull \hbox (badness 10000) in paragraph at lines 149--150

 []


Overfull \hbox (6.0pt too wide) in alignment at lines 153--168
 [] [] 
 []


Overfull \hbox (6.0pt too wide) in alignment at lines 172--190
 [] [] 
 []

[3]
Underfull \hbox (badness 10000) in paragraph at lines 194--195

 []


Overfull \hbox (6.0pt too wide) in alignment at lines 200--208
 [] [] 
 []

[4]
Overfull \hbox (6.0pt too wide) in alignment at lines 216--233
 [] [] 
 []


Underfull \hbox (badness 10000) in paragraph at lines 237--238

 []

[5]
Underfull \hbox (badness 10000) in paragraph at lines 257--258

 []


Overfull \hbox (6.0pt too wide) in alignment at lines 259--263
 [] [] 
 []


Underfull \hbox (badness 10000) in paragraph at lines 267--268

 []


Overfull \hbox (6.0pt too wide) in alignment at lines 269--302
 [] [] 
 []

[6] [7] [8]
Underfull \hbox (badness 10000) in paragraph at lines 314--315

 []


Underfull \hbox (badness 10000) in paragraph at lines 332--335

 []


Underfull \hbox (badness 10000) in paragraph at lines 338--341

 []


Underfull \hbox (badness 10000) in paragraph at lines 346--347

 []


Underfull \hbox (badness 10000) in paragraph at lines 352--355

 []


Underfull \hbox (badness 10000) in paragraph at lines 356--360

 []

[9]
Underfull \hbox (badness 10000) in paragraph at lines 363--373

 []


Underfull \hbox (badness 10000) in paragraph at lines 374--378

 []


Underfull \hbox (badness 10000) in paragraph at lines 379--385

 []


Overfull \hbox (8.08002pt too wide) in paragraph at lines 386--392
\T1/cmr/bx/it/12 Eco-no-mie et Sta-tis-tique/Economics and Sta-tis-tics\T1/cmr/
m/n/12 , 536-7, pp. 57-73 (with M. Breuillé
 []


Underfull \hbox (badness 10000) in paragraph at lines 386--392

 []

[10]
Underfull \hbox (badness 10000) in paragraph at lines 393--400

 []


Overfull \hbox (6.62056pt too wide) in paragraph at lines 401--409
\T1/cmr/m/n/12 using conti-nuous mea-sures, \T1/cmr/bx/it/12 Ti-jd-schrift voor
 eco-no-mische en so-ciale geo-gra-fie\T1/cmr/m/n/12 , 111(5),
 []


Underfull \hbox (badness 10000) in paragraph at lines 401--409

 []

[11]
Underfull \hbox (badness 10000) in paragraph at lines 410--415

 []


Underfull \hbox (badness 10000) in paragraph at lines 416--424

 []


Underfull \hbox (badness 10000) in paragraph at lines 425--430

 []


Underfull \hbox (badness 10000) in paragraph at lines 431--433

 []

[12]
Underfull \hbox (badness 10000) in paragraph at lines 434--440

 []


Underfull \hbox (badness 10000) in paragraph at lines 441--444

 []


Underfull \hbox (badness 10000) in paragraph at lines 445--451

 []


Underfull \hbox (badness 10000) in paragraph at lines 452--457

 []

[13]
Underfull \hbox (badness 10000) in paragraph at lines 458--463

 []


Underfull \hbox (badness 10000) in paragraph at lines 464--466

 []


Underfull \hbox (badness 10000) in paragraph at lines 467--472

 []


Underfull \hbox (badness 10000) in paragraph at lines 473--482

 []

[14]
Underfull \hbox (badness 10000) in paragraph at lines 483--488

 []


Underfull \hbox (badness 10000) in paragraph at lines 489--495

 []


Underfull \hbox (badness 10000) in paragraph at lines 496--500

 []


Underfull \hbox (badness 10000) in paragraph at lines 501--506

 []

[15]
Underfull \hbox (badness 10000) in paragraph at lines 507--510

 []


Underfull \hbox (badness 10000) in paragraph at lines 511--514

 []


Underfull \hbox (badness 10000) in paragraph at lines 519--530

 []


Underfull \hbox (badness 10000) in paragraph at lines 533--534

 []

[16]
Underfull \hbox (badness 10000) in paragraph at lines 541--542

 []


Underfull \hbox (badness 10000) in paragraph at lines 547--577

 []

[17] [18]
Underfull \hbox (badness 10000) in paragraph at lines 582--583

 []


Underfull \hbox (badness 10000) in paragraph at lines 588--593

 []


Overfull \hbox (2.63567pt too wide) in paragraph at lines 598--604
\T1/cmr/m/n/12 - Com-ment éva-luer l'im-pact en-vi-ron-ne-men-tal des usages de
s sols ?, \T1/cmr/bx/it/12 Les Echos, Le Cercle,
 []


Underfull \hbox (badness 10000) in paragraph at lines 598--604

 []

[19]
Underfull \hbox (badness 10000) in paragraph at lines 609--610

 []


Overfull \hbox (6.0pt too wide) in alignment at lines 613--631
 [] [] 
 []

[20]
Overfull \hbox (6.0pt too wide) in alignment at lines 635--668
 [] [] 
 []

[21] [22]
Underfull \hbox (badness 10000) in paragraph at lines 674--733

 []

[23] [24] [25]
Overfull \hbox (0.79726pt too wide) in paragraph at lines 736--748
\T1/cmr/m/n/12 - \T1/cmr/bx/n/12 Ca-bi-net CA-SA-LONGA\T1/cmr/m/n/12 . Com-mu-n
i-ca-tion : ^^S De-ter-mi-nants of vi-neyard prices ^^T (March
 []


Underfull \hbox (badness 10000) in paragraph at lines 736--748

 []


Underfull \hbox (badness 10000) in paragraph at lines 751--752

 []


Overfull \hbox (6.0pt too wide) in alignment at lines 757--775
 [] [] 
 []

[26]
Underfull \hbox (badness 10000) in paragraph at lines 781--823

 []

[27]
Underfull \hbox (badness 10000) in paragraph at lines 826--827

 []


Overfull \hbox (0.13786pt too wide) in paragraph at lines 834--855
\T1/cmr/m/n/12 - \T1/cmr/m/it/12 ADRES In-ter-na-tio-nal Confe-rence, Net-works
 of In-no-va-tion and Spa-tial Ana-ly-sis of Know-
 []


Overfull \hbox (6.53622pt too wide) in paragraph at lines 834--855
\T1/cmr/m/n/12 - \T1/cmr/m/it/12 First Se-mi-nar of Spa-tial Eco-no-me-trics JE
AN PAE-LINCK\T1/cmr/m/n/12 , Uni-ver-sity of Za-ra-goza (Spain),
 []


Underfull \hbox (badness 10000) in paragraph at lines 834--855

 []

[28]
Overfull \hbox (2.37914pt too wide) in paragraph at lines 860--902
\T1/cmr/m/n/12 - \T1/cmr/m/it/12 3$[]$ Spa-tial Eco-no-me-trics Work-shop\T1/cm
r/m/n/12 , BETA (UMR-CNRS 7522), Uni-ver-sité Louis Pasteur-
 []


Underfull \hbox (badness 10000) in paragraph at lines 860--902

 []

[29] [30] [31]
Underfull \hbox (badness 10000) in paragraph at lines 909--910

 []


Overfull \hbox (6.0pt too wide) in alignment at lines 911--919
 [] [] 
 []


Underfull \hbox (badness 10000) in paragraph at lines 921--922

 []


Overfull \hbox (6.0pt too wide) in alignment at lines 925--953
 [] [] 
 []

[32]
Overfull \hbox (6.0pt too wide) in alignment at lines 959--965
 [] [] 
 []


Overfull \hbox (6.0pt too wide) in alignment at lines 971--973
 [] [] 
 []


Overfull \hbox (8.08806pt too wide) in paragraph at lines 975--976
\T1/cmr/bx/sc/14.4 Eco-no-mics and Bu-si-ness De-part-ment, Uni-ver-sité Bour-g
ogne
 []


Underfull \hbox (badness 10000) in paragraph at lines 975--976

 []


Overfull \hbox (6.0pt too wide) in alignment at lines 977--988
 [] [] 
 []

[33]
Underfull \hbox (badness 10000) in paragraph at lines 992--993

 []


Overfull \hbox (6.0pt too wide) in alignment at lines 994--996
 [] [] 
 []


Underfull \hbox (badness 10000) in paragraph at lines 1000--1001

 []


Overfull \hbox (6.0pt too wide) in alignment at lines 1002--1017
 [] [] 
 []


Underfull \hbox (badness 10000) in paragraph at lines 1021--1022

 []


Overfull \hbox (6.0pt too wide) in alignment at lines 1025--1027
 [] [] 
 []

[34]
Underfull \hbox (badness 10000) in paragraph at lines 1033--1034

 []


Overfull \hbox (6.0pt too wide) in alignment at lines 1037--1039
 [] [] 
 []


Overfull \hbox (6.0pt too wide) in alignment at lines 1043--1045
 [] [] 
 []


Overfull \hbox (6.0pt too wide) in alignment at lines 1049--1051
 [] [] 
 []

[35] (CV_JLG_ang.aux)
 ***********
LaTeX2e <2023-11-01> patch level 1
L3 programming layer <2024-01-04>
 ***********
 ) 
Here is how much of TeX's memory you used:
 3840 strings out of 474486
 68055 string characters out of 5742338
 1954542 words of memory out of 5000000
 26092 multiletter control sequences out of 15000+600000
 571833 words of font info for 63 fonts, out of 8000000 for 9000
 1141 hyphenation exceptions out of 8191
 57i,6n,65p,4142b,385s stack positions out of 10000i,1000n,20000p,200000b,200000s
 <C:\Users\jlegallo\AppData\Local\MiKTeX\fonts/pk/ljfour/jknappen/ec/dpi600\e
cxc0800.pk> <C:\Users\jlegallo\AppData\Local\MiKTeX\fonts/pk/ljfour/jknappen/ec
/dpi600\ecti0800.pk> <C:\Users\jlegallo\AppData\Local\MiKTeX\fonts/pk/ljfour/jk
nappen/ec/dpi600\ecxc1200.pk> <C:\Users\jlegallo\AppData\Local\MiKTeX\fonts/pk/
ljfour/jknappen/ec/dpi600\ecxc2074.pk> <C:\Users\jlegallo\AppData\Local\MiKTeX\
fonts/pk/ljfour/jknappen/ec/dpi600\ecbi1200.pk> <C:\Users\jlegallo\AppData\Loca
l\MiKTeX\fonts/pk/ljfour/jknappen/ec/dpi600\ecbx1200.pk> <C:\Users\jlegallo\App
Data\Local\MiKTeX\fonts/pk/ljfour/jknappen/ec/dpi600\ectt1200.pk> <C:\Users\jle
gallo\AppData\Local\MiKTeX\fonts/pk/ljfour/jknappen/ec/dpi600\ecti1200.pk> <C:\
Users\jlegallo\AppData\Local\MiKTeX\fonts/pk/ljfour/jknappen/ec/dpi600\ecrm1200
.pk> <C:\Users\jlegallo\AppData\Local\MiKTeX\fonts/pk/ljfour/jknappen/ec/dpi600
\tcrm1200.pk> <C:\Users\jlegallo\AppData\Local\MiKTeX\fonts/pk/ljfour/jknappen/
ec/dpi600\ecxc1440.pk> <C:\Users\jlegallo\AppData\Local\MiKTeX\fonts/pk/ljfour/
jknappen/ec/dpi600\ecbx1440.pk> <C:\Users\jlegallo\AppData\Local\MiKTeX\fonts/p
k/ljfour/jknappen/ec/dpi600\ecbx1728.pk><C:/Users/jlegallo/AppData/Local/Progra
ms/MiKTeX/fonts/type1/public/amsfonts/cm/cmr12.pfb><C:/Users/jlegallo/AppData/L
ocal/Programs/MiKTeX/fonts/type1/urw/zapfding/uzdr.pfb>
Output written on CV_JLG_ang.pdf (35 pages, 278196 bytes).
PDF statistics:
 651 PDF objects out of 1000 (max. 8388607)
 0 named destinations out of 1000 (max. 500000)
 1 words of extra memory for PDF output out of 10000 (max. 10000000)

