This is pdfTeX, Version 3.141592653-2.6-1.40.28 (MiKTeX 25.12) (preloaded format=pdflatex 2026.4.27)  28 APR 2026 19:10
entering extended mode
 restricted \write18 enabled.
 %&-line parsing enabled.
**./CV_JLG.tex
(CV_JLG.tex
LaTeX2e <2025-11-01>
L3 programming layer <2025-12-24>
(C:\Users\jlega\AppData\Local\Programs\MiKTeX\tex/latex/base\article.cls
Document Class: article 2025/01/22 v1.4n Standard LaTeX document class
(C:\Users\jlega\AppData\Local\Programs\MiKTeX\tex/latex/base\size12.clo
File: size12.clo 2025/01/22 v1.4n Standard LaTeX file (size option)
)
\c@part=\count275
\c@section=\count276
\c@subsection=\count277
\c@subsubsection=\count278
\c@paragraph=\count279
\c@subparagraph=\count280
\c@figure=\count281
\c@table=\count282
\abovecaptionskip=\skip49
\belowcaptionskip=\skip50
\bibindent=\dimen148
)
(C:\Users\jlega\AppData\Local\Programs\MiKTeX\tex/generic/babel\babel.sty
Package: babel 2025/12/11 v25.17 The multilingual framework for LuaLaTeX, pdfLa
TeX and XeLaTeX
\babel@savecnt=\count283
LaTeX Encoding Info:    Redeclaring text command \ij (encoding OT1) on input li
ne 2068.
LaTeX Encoding Info:    Redeclaring text command \IJ (encoding OT1) on input li
ne 2070.
LaTeX Encoding Info:    Redeclaring text command \ij (encoding T1) on input lin
e 2072.
LaTeX Encoding Info:    Redeclaring text command \IJ (encoding T1) on input lin
e 2073.
LaTeX Encoding Info:    Ignoring declaration for text command \ij (encoding ?) 
on input line 2074.
LaTeX Encoding Info:    Ignoring declaration for text command \IJ (encoding ?) 
on input line 2076.
LaTeX Encoding Info:    Ignoring declaration for text command \SS (encoding ?) 
on input line 2101.
\U@D=\dimen149
\l@unhyphenated=\language79

(C:\Users\jlega\AppData\Local\Programs\MiKTeX\tex/generic/babel\txtbabel.def)
\bbl@readstream=\read2
\bbl@dirlevel=\count284
Package babel Info: Configuration files are deprecated, as
(babel)             they can break document portability.
(babel)             Reported on input line 4196.

*************************************
* Local config file bblopts.cfg used
*
(C:\Users\jlega\AppData\Local\Programs\MiKTeX\tex/latex/arabi\bblopts.cfg
File: bblopts.cfg 2005/09/08 v0.1 add Arabic and Farsi to "declared" options of
 babel
)
(C:\Users\jlega\AppData\Local\Programs\MiKTeX\tex/generic/babel/locale/fr\babel
-french.tex)
Package babel Info: Importing font and identification data for french
(babel)             from babel-fr.ini. Reported on input line 4320.
 (C:\Program Files\MiKTeX\tex/generic/babel-french\french.ldf
Language: french 2025-08-15 v4.0e French support from the babel system

(C:\Program Files\MiKTeX\tex/generic/babel-french\french3.ldf
Language: french 2025-08-15 v3.7e French support from the babel system
\FB@stdchar=\count285
Package babel Info: Making : an active character on input line 273.
Package babel Info: Making ; an active character on input line 274.
Package babel Info: Making ! an active character on input line 275.
Package babel Info: Making ? an active character on input line 276.
\FBguill@level=\count286
\FBold@everypar=\toks17
\FB@Mht=\dimen150
\mc@charclass=\count287
\mc@charfam=\count288
\mc@charslot=\count289
\std@mcc=\count290
\dec@mcc=\count291
\FB@pardim=\dimen151
\listindentFB=\dimen152
\descindentFB=\dimen153
\labelindentFB=\dimen154
\labelwidthFB=\dimen155
\leftmarginFB=\dimen156
\parindentFFN=\dimen157
\FBfnindent=\dimen158
)))
(C:\Program Files\MiKTeX\tex/latex/carlisle\scalefnt.sty)
(C:\Users\jlega\AppData\Local\Programs\MiKTeX\tex/latex/base\fontenc.sty
Package: fontenc 2025/07/18 v2.1d Standard LaTeX package
)
(C:\Users\jlega\AppData\Local\Programs\MiKTeX\tex/latex/base\inputenc.sty
Package: inputenc 2024/02/08 v1.3d Input encoding file
\inpenc@prehook=\toks18
\inpenc@posthook=\toks19
)
(C:\Program Files\MiKTeX\tex/latex/psnfss\pifont.sty
Package: pifont 2020/03/25 PSNFSS-v9.3 Pi font support (SPQR) 
LaTeX Font Info:    Trying to load font information for U+pzd on input line 63.


(C:\Program Files\MiKTeX\tex/latex/psnfss\upzd.fd
File: upzd.fd 2001/06/04 font definitions for U/pzd.
)
LaTeX Font Info:    Trying to load font information for U+psy on input line 64.


(C:\Program Files\MiKTeX\tex/latex/psnfss\upsy.fd
File: upsy.fd 2001/06/04 font definitions for U/psy.
))
(C:\Users\jlega\AppData\Local\Programs\MiKTeX\tex/latex/url\url.sty
\Urlmuskip=\muskip17
Package: url 2013/09/16  ver 3.4  Verb mode for urls, etc.
)
(C:\Program Files\MiKTeX\tex/latex/geometry\geometry.sty
Package: geometry 2020/01/02 v5.9 Page Geometry

(C:\Users\jlega\AppData\Local\Programs\MiKTeX\tex/latex/graphics\keyval.sty
Package: keyval 2022/05/29 v1.15 key=value parser (DPC)
\KV@toks@=\toks20
)
(C:\Users\jlega\AppData\Local\Programs\MiKTeX\tex/generic/iftex\ifvtex.sty
Package: ifvtex 2019/10/25 v1.7 ifvtex legacy package. Use iftex instead.

(C:\Users\jlega\AppData\Local\Programs\MiKTeX\tex/generic/iftex\iftex.sty
Package: iftex 2024/12/12 v1.0g TeX engine tests
))
\Gm@cnth=\count292
\Gm@cntv=\count293
\c@Gm@tempcnt=\count294
\Gm@bindingoffset=\dimen159
\Gm@wd@mp=\dimen160
\Gm@odd@mp=\dimen161
\Gm@even@mp=\dimen162
\Gm@layoutwidth=\dimen163
\Gm@layoutheight=\dimen164
\Gm@layouthoffset=\dimen165
\Gm@layoutvoffset=\dimen166
\Gm@dimlist=\toks21

(C:\Program Files\MiKTeX\tex/latex/geometry\geometry.cfg))
(C:\Program Files\MiKTeX\tex/generic/soul\soul.sty
Package: soul 2023-06-14 v3.1 Permit use of UTF-8 characters in soul (HO)

(C:\Program Files\MiKTeX\tex/generic/soul\soul-ori.sty
Package: soul-ori 2023-06-14 v3.1 letterspacing/underlining (mf)
\SOUL@word=\toks22
\SOUL@lasttoken=\toks23
\SOUL@syllable=\toks24
\SOUL@cmds=\toks25
\SOUL@buffer=\toks26
\SOUL@token=\toks27
\SOUL@syllgoal=\dimen167
\SOUL@syllwidth=\dimen168
\SOUL@charkern=\dimen169
\SOUL@hyphkern=\dimen170
\SOUL@dimen=\dimen171
\SOUL@dimeni=\dimen172
\SOUL@minus=\count295
\SOUL@comma=\count296
\SOUL@apo=\count297
\SOUL@grave=\count298
\SOUL@spaceskip=\skip51
\SOUL@ttwidth=\dimen173
\SOUL@uldp=\dimen174
\SOUL@ulht=\dimen175
)
(C:\Program Files\MiKTeX\tex/generic/infwarerr\infwarerr.sty
Package: infwarerr 2019/12/03 v1.5 Providing info/warning/error messages (HO)
)
(C:\Program Files\MiKTeX\tex/generic/etexcmds\etexcmds.sty
Package: etexcmds 2019/12/15 v1.7 Avoid name clashes with e-TeX commands (HO)
))
(C:\Users\jlega\AppData\Local\Programs\MiKTeX\tex/latex/tools\longtable.sty
Package: longtable 2025-10-13 v4.24 Multi-page Table package (DPC)
\LTleft=\skip52
\LTright=\skip53
\LTpre=\skip54
\LTpost=\skip55
\LTchunksize=\count299
\LTcapwidth=\dimen176
\LT@head=\box53
\LT@firsthead=\box54
\LT@foot=\box55
\LT@lastfoot=\box56
\LT@gbox=\box57
\LT@cols=\count300
\LT@rows=\count301
\c@LT@tables=\count302
\c@LT@chunks=\count303
\LT@p@ftn=\toks28
)
(C:\Program Files\MiKTeX\tex/latex/enumitem\enumitem.sty
Package: enumitem 2025/02/06 v3.11 Customized lists
\labelindent=\skip56
\enit@outerparindent=\dimen177
\enit@toks=\toks29
\enit@inbox=\box58
\enit@count@id=\count304
\enitdp@description=\count305
)
(C:\Users\jlega\AppData\Local\Programs\MiKTeX\tex/latex/hyperref\hyperref.sty
Package: hyperref 2025-07-12 v7.01o Hypertext links for LaTeX

(C:\Program Files\MiKTeX\tex/latex/kvsetkeys\kvsetkeys.sty
Package: kvsetkeys 2022-10-05 v1.19 Key value parser (HO)
)
(C:\Program Files\MiKTeX\tex/generic/kvdefinekeys\kvdefinekeys.sty
Package: kvdefinekeys 2019-12-19 v1.6 Define keys (HO)
)
(C:\Program Files\MiKTeX\tex/generic/pdfescape\pdfescape.sty
Package: pdfescape 2019/12/09 v1.15 Implements pdfTeX's escape features (HO)

(C:\Program Files\MiKTeX\tex/generic/ltxcmds\ltxcmds.sty
Package: ltxcmds 2023-12-04 v1.26 LaTeX kernel commands for general use (HO)
)
(C:\Users\jlega\AppData\Local\Programs\MiKTeX\tex/generic/pdftexcmds\pdftexcmds
.sty
Package: pdftexcmds 2020-06-27 v0.33 Utility functions of pdfTeX for LuaTeX (HO
)
Package pdftexcmds Info: \pdf@primitive is available.
Package pdftexcmds Info: \pdf@ifprimitive is available.
Package pdftexcmds Info: \pdfdraftmode found.
)) (C:\Program Files\MiKTeX\tex/latex/hycolor\hycolor.sty
Package: hycolor 2020-01-27 v1.10 Color options for hyperref/bookmark (HO)
)
(C:\Users\jlega\AppData\Local\Programs\MiKTeX\tex/latex/hyperref\nameref.sty
Package: nameref 2025-06-21 v2.57 Cross-referencing by name of section

(C:\Program Files\MiKTeX\tex/latex/refcount\refcount.sty
Package: refcount 2019/12/15 v3.6 Data extraction from label references (HO)
)
(C:\Program Files\MiKTeX\tex/generic/gettitlestring\gettitlestring.sty
Package: gettitlestring 2019/12/15 v1.6 Cleanup title references (HO)

(C:\Program Files\MiKTeX\tex/latex/kvoptions\kvoptions.sty
Package: kvoptions 2022-06-15 v3.15 Key value format for package options (HO)
))
\c@section@level=\count306
)
(C:\Users\jlega\AppData\Local\Programs\MiKTeX\tex/latex/etoolbox\etoolbox.sty
Package: etoolbox 2025/10/02 v2.5m e-TeX tools for LaTeX (JAW)
\etb@tempcnta=\count307
)
(C:\Program Files\MiKTeX\tex/generic/stringenc\stringenc.sty
Package: stringenc 2019/11/29 v1.12 Convert strings between diff. encodings (HO
)
)
\@linkdim=\dimen178
\Hy@linkcounter=\count308
\Hy@pagecounter=\count309

(C:\Users\jlega\AppData\Local\Programs\MiKTeX\tex/latex/hyperref\pd1enc.def
File: pd1enc.def 2025-07-12 v7.01o Hyperref: PDFDocEncoding definition (HO)
Now handling font encoding PD1 ...
... no UTF-8 mapping file for font encoding PD1
)
(C:\Program Files\MiKTeX\tex/generic/intcalc\intcalc.sty
Package: intcalc 2019/12/15 v1.3 Expandable calculations with integers (HO)
)
\Hy@SavedSpaceFactor=\count310

(C:\Users\jlega\AppData\Local\Programs\MiKTeX\tex/latex/hyperref\puenc.def
File: puenc.def 2025-07-12 v7.01o Hyperref: PDF Unicode definition (HO)
Now handling font encoding PU ...
... no UTF-8 mapping file for font encoding PU
)
Package hyperref Info: Hyper figures OFF on input line 4195.
Package hyperref Info: Link nesting OFF on input line 4200.
Package hyperref Info: Hyper index ON on input line 4203.
Package hyperref Info: Plain pages OFF on input line 4210.
Package hyperref Info: Backreferencing OFF on input line 4215.
Package hyperref Info: Implicit mode ON; LaTeX internals redefined.
Package hyperref Info: Bookmarks ON on input line 4462.
\c@Hy@tempcnt=\count311
LaTeX Info: Redefining \url on input line 4801.
\XeTeXLinkMargin=\dimen179

(C:\Program Files\MiKTeX\tex/generic/bitset\bitset.sty
Package: bitset 2019/12/09 v1.3 Handle bit-vector datatype (HO)

(C:\Program Files\MiKTeX\tex/generic/bigintcalc\bigintcalc.sty
Package: bigintcalc 2019/12/15 v1.5 Expandable calculations on big integers (HO
)
))
\Fld@menulength=\count312
\Field@Width=\dimen180
\Fld@charsize=\dimen181
Package hyperref Info: Hyper figures OFF on input line 6078.
Package hyperref Info: Link nesting OFF on input line 6083.
Package hyperref Info: Hyper index ON on input line 6086.
Package hyperref Info: backreferencing OFF on input line 6093.
Package hyperref Info: Link coloring OFF on input line 6098.
Package hyperref Info: Link coloring with OCG OFF on input line 6103.
Package hyperref Info: PDF/A mode OFF on input line 6108.
\Hy@abspage=\count313
\c@Item=\count314
\c@Hfootnote=\count315
)
Package hyperref Info: Driver (autodetected): hpdftex.

(C:\Users\jlega\AppData\Local\Programs\MiKTeX\tex/latex/hyperref\hpdftex.def
File: hpdftex.def 2025-07-12 v7.01o Hyperref driver for pdfTeX
\Fld@listcount=\count316
\c@bookmark@seq@number=\count317

(C:\Program Files\MiKTeX\tex/latex/rerunfilecheck\rerunfilecheck.sty
Package: rerunfilecheck 2025-06-21 v1.11 Rerun checks for auxiliary files (HO)

(C:\Program Files\MiKTeX\tex/generic/uniquecounter\uniquecounter.sty
Package: uniquecounter 2019/12/15 v1.4 Provide unlimited unique counter (HO)
)
Package uniquecounter Info: New unique counter `rerunfilecheck' on input line 2
84.
)
\Hy@SectionHShift=\skip57
)
Package french3.ldf Info: Setting StandardItemizeEnv=true for
(french3.ldf)             compatibility with enumitem package,
(french3.ldf)             reported on input line 44.
Package french3.ldf Info: Setting StandardEnumerateEnv=true for
(french3.ldf)             compatibility with enumitem package,
(french3.ldf)             reported on input line 44.

(C:\Users\jlega\AppData\Local\Programs\MiKTeX\tex/latex/l3backend\l3backend-pdf
tex.def
File: l3backend-pdftex.def 2025-10-09 L3 backend support: PDF output (pdfTeX)
\l__color_backend_stack_int=\count318
) (CV_JLG.aux
Package babel Info: 'french' activates 'french' shorthands.
(babel)             Reported on input line 14.
)
\openout1 = `CV_JLG.aux'.

LaTeX Font Info:    Checking defaults for OML/cmm/m/it on input line 44.
LaTeX Font Info:    ... okay on input line 44.
LaTeX Font Info:    Checking defaults for OMS/cmsy/m/n on input line 44.
LaTeX Font Info:    ... okay on input line 44.
LaTeX Font Info:    Checking defaults for OT1/cmr/m/n on input line 44.
LaTeX Font Info:    ... okay on input line 44.
LaTeX Font Info:    Checking defaults for T1/cmr/m/n on input line 44.
LaTeX Font Info:    ... okay on input line 44.
LaTeX Font Info:    Checking defaults for TS1/cmr/m/n on input line 44.
LaTeX Font Info:    ... okay on input line 44.
LaTeX Font Info:    Checking defaults for OMX/cmex/m/n on input line 44.
LaTeX Font Info:    ... okay on input line 44.
LaTeX Font Info:    Checking defaults for U/cmr/m/n on input line 44.
LaTeX Font Info:    ... okay on input line 44.
LaTeX Font Info:    Checking defaults for PD1/pdf/m/n on input line 44.
LaTeX Font Info:    ... okay on input line 44.
LaTeX Font Info:    Checking defaults for PU/pdf/m/n on input line 44.
LaTeX Font Info:    ... okay on input line 44.
LaTeX Info: Redefining \degres on input line 44.

*geometry* driver: auto-detecting
*geometry* detected driver: pdftex
*geometry* verbose mode - [ preamble ] result:
* driver: pdftex
* paper: a4paper
* layout: <same size as paper>
* layoutoffset:(h,v)=(0.0pt,0.0pt)
* modes: 
* h-part:(L,W,R)=(71.13188pt, 455.24411pt, 71.13188pt)
* v-part:(T,H,B)=(71.13188pt, 702.78308pt, 71.13188pt)
* \paperwidth=597.50787pt
* \paperheight=845.04684pt
* \textwidth=455.24411pt
* \textheight=702.78308pt
* \oddsidemargin=-1.1381pt
* \evensidemargin=-1.1381pt
* \topmargin=-38.1381pt
* \headheight=12.0pt
* \headsep=25.0pt
* \topskip=12.0pt
* \footskip=30.0pt
* \marginparwidth=35.0pt
* \marginparsep=10.0pt
* \columnsep=10.0pt
* \skip\footins=10.8pt plus 4.0pt minus 2.0pt
* \hoffset=0.0pt
* \voffset=0.0pt
* \mag=1000
* \@twocolumnfalse
* \@twosidefalse
* \@mparswitchfalse
* \@reversemarginfalse
* (1in=72.27pt=25.4mm, 1cm=28.453pt)

Package hyperref Info: Link coloring OFF on input line 44.
(CV_JLG.out) (CV_JLG.out)
\@outlinefile=\write3
\openout3 = `CV_JLG.out'.


Underfull \hbox (badness 10000) in paragraph at lines 58--59

 []

LaTeX Font Info:    External font `cmex10' loaded for size
(Font)              <12> on input line 75.
LaTeX Font Info:    External font `cmex10' loaded for size
(Font)              <8> on input line 75.
LaTeX Font Info:    External font `cmex10' loaded for size
(Font)              <6> on input line 75.

Underfull \hbox (badness 10000) in paragraph at lines 76--77

 []


Underfull \hbox (badness 10000) in paragraph at lines 80--81

 []

\annee=\skip58
\texte=\skip59

Overfull \hbox (6.0pt too wide) in alignment at lines 95--104
 [] [] 
 []


Underfull \hbox (badness 10000) in paragraph at lines 108--109

 []

[1

{C:/Users/jlega/AppData/Local/MiKTeX/fonts/map/pdftex/pdftex.map}]
Underfull \hbox (badness 10000) in paragraph at lines 110--114

 []


Underfull \hbox (badness 10000) in paragraph at lines 117--118

 []


Underfull \hbox (badness 10000) in paragraph at lines 130--131

 []

[2]
Underfull \hbox (badness 10000) in paragraph at lines 145--146

 []


Overfull \hbox (6.0pt too wide) in alignment at lines 149--170
 [] [] 
 []

[3]
Overfull \hbox (6.0pt too wide) in alignment at lines 176--195
 [] [] 
 []


Underfull \hbox (badness 10000) in paragraph at lines 199--200

 []


Overfull \hbox (6.0pt too wide) in alignment at lines 205--213
 [] [] 
 []

ignored error: Infinite glue shrinkage found in box being split [4]
Overfull \hbox (6.0pt too wide) in alignment at lines 219--236
 [] [] 
 []


Underfull \hbox (badness 10000) in paragraph at lines 240--241

 []

[5]
Underfull \hbox (badness 10000) in paragraph at lines 248--249

 []


Overfull \hbox (6.0pt too wide) in alignment at lines 250--263
 [] [] 
 []

ignored error: Infinite glue shrinkage found in box being split [6]
Underfull \hbox (badness 10000) in paragraph at lines 267--268

 []


Overfull \hbox (6.0pt too wide) in alignment at lines 271--275
 [] [] 
 []


Underfull \hbox (badness 10000) in paragraph at lines 277--278

 []


Overfull \hbox (6.0pt too wide) in alignment at lines 281--288
 [] [] 
 []


Overfull \hbox (6.0pt too wide) in alignment at lines 292--299
 [] [] 
 []

ignored error: Infinite glue shrinkage found in box being split [7]
Overfull \hbox (6.0pt too wide) in alignment at lines 304--332
 [] [] 
 []

ignored error: Infinite glue shrinkage found in box being split [8]
Overfull \hbox (6.0pt too wide) in alignment at lines 336--343
 [] [] 
 []

[9]
Underfull \hbox (badness 10000) in paragraph at lines 354--355

 []


Underfull \hbox (badness 10000) in paragraph at lines 372--375

 []


Underfull \hbox (badness 10000) in paragraph at lines 378--381

 []


Underfull \hbox (badness 10000) in paragraph at lines 384--385

 []


Underfull \hbox (badness 10000) in paragraph at lines 392--396

 []


Underfull \hbox (badness 10000) in paragraph at lines 397--401

 []

[10]
Overfull \hbox (3.373pt too wide) in paragraph at lines 402--412
\T1/cmr/m/n/12 ren-tal mar-ket : Field ex-pe-riment, \T1/cmr/bx/it/12 Hou-sing 
Stu-dies\T1/cmr/m/n/12 , vol. 40(1), pp. 116-138 (avec A. Flage)
 []


Underfull \hbox (badness 10000) in paragraph at lines 402--412

 []


Overfull \hbox (3.59355pt too wide) in paragraph at lines 413--417
\T1/cmr/m/n/12 - Mu-ni-ci-pal ef-fi-ciency spillo-vers in France, \T1/cmr/bx/it
/12 An-nals of Re-gio-nal Science\T1/cmr/m/n/12 , vol. 73, pp. 2143-
 []


Underfull \hbox (badness 10000) in paragraph at lines 413--417

 []


Underfull \hbox (badness 10000) in paragraph at lines 418--424

 []

[11]
Overfull \hbox (7.10109pt too wide) in paragraph at lines 425--431
\T1/cmr/bx/it/12 Eco-no-mie et Sta-tis-tique/Economics and Sta-tis-tics\T1/cmr/
m/n/12 , 536-7, pp. 57-73 (avec M. Breuillé
 []


Underfull \hbox (badness 10000) in paragraph at lines 425--431

 []


Underfull \hbox (badness 10000) in paragraph at lines 432--440

 []


Overfull \hbox (6.62056pt too wide) in paragraph at lines 441--449
\T1/cmr/m/n/12 using conti-nuous mea-sures, \T1/cmr/bx/it/12 Ti-jd-schrift voor
 eco-no-mische en so-ciale geo-gra-fie\T1/cmr/m/n/12 , 111(5),
 []


Underfull \hbox (badness 10000) in paragraph at lines 441--449

 []

[12]
Underfull \hbox (badness 10000) in paragraph at lines 450--455

 []


Underfull \hbox (badness 10000) in paragraph at lines 456--464

 []


Underfull \hbox (badness 10000) in paragraph at lines 465--470

 []

[13]
Underfull \hbox (badness 10000) in paragraph at lines 471--473

 []


Underfull \hbox (badness 10000) in paragraph at lines 475--481

 []


Underfull \hbox (badness 10000) in paragraph at lines 482--485

 []


Underfull \hbox (badness 10000) in paragraph at lines 486--492

 []

[14]
Underfull \hbox (badness 10000) in paragraph at lines 493--498

 []


Underfull \hbox (badness 10000) in paragraph at lines 499--504

 []


Underfull \hbox (badness 10000) in paragraph at lines 505--507

 []


Underfull \hbox (badness 10000) in paragraph at lines 508--513

 []


Underfull \hbox (badness 10000) in paragraph at lines 514--523

 []

[15]
Underfull \hbox (badness 10000) in paragraph at lines 524--529

 []


Underfull \hbox (badness 10000) in paragraph at lines 530--536

 []


Underfull \hbox (badness 10000) in paragraph at lines 537--541

 []

[16]
Underfull \hbox (badness 10000) in paragraph at lines 542--547

 []


Underfull \hbox (badness 10000) in paragraph at lines 548--551

 []


Underfull \hbox (badness 10000) in paragraph at lines 552--555

 []


Underfull \hbox (badness 10000) in paragraph at lines 560--571

 []

[17]
Underfull \hbox (badness 10000) in paragraph at lines 576--577

 []


Underfull \hbox (badness 10000) in paragraph at lines 580--581

 []


Overfull \hbox (7.39009pt too wide) in paragraph at lines 586--615
\T1/cmr/bx/it/12 Ma-nuel d'Ana-lyse Spa-tiale\T1/cmr/m/n/12 , 2018, IN-SEE Mé-t
hodes n. 131, pp. 185-212 (avec S. Bouayad
 []


Overfull \hbox (5.1016pt too wide) in paragraph at lines 586--615
\T1/cmr/bx/it/12 Eu-ro-pean Re-gio-nal Growth\T1/cmr/m/n/12 , 2003, Springer-Ve
rlag, Ad-vances in Spa-tial Science, pp. 131-
 []


Underfull \hbox (badness 10000) in paragraph at lines 586--615

 []

[18] [19]
Underfull \hbox (badness 10000) in paragraph at lines 620--625

 []


Underfull \hbox (badness 10000) in paragraph at lines 630--654

 []

[20] [21]
Underfull \hbox (badness 10000) in paragraph at lines 659--660

 []


Overfull \hbox (2.63567pt too wide) in paragraph at lines 665--673
\T1/cmr/m/n/12 - Com-ment éva-luer l'im-pact en-vi-ron-ne-men-tal des usages de
s sols ?, \T1/cmr/bx/it/12 Les Echos, Le Cercle,
 []


Underfull \hbox (badness 10000) in paragraph at lines 665--673

 []

[22]
Underfull \hbox (badness 10000) in paragraph at lines 676--677

 []


Overfull \hbox (6.0pt too wide) in alignment at lines 680--698
 [] [] 
 []

ignored error: Infinite glue shrinkage found in box being split [23]
Overfull \hbox (6.0pt too wide) in alignment at lines 702--735
 [] [] 
 []

ignored error: Infinite glue shrinkage found in box being split [24]
ignored error: Infinite glue shrinkage found in box being split [25]
Underfull \hbox (badness 10000) in paragraph at lines 741--800

 []

[26] [27] [28]
Underfull \hbox (badness 10000) in paragraph at lines 818--819

 []


Overfull \hbox (6.0pt too wide) in alignment at lines 822--824
 [] [] 
 []


Underfull \hbox (badness 1168) in paragraph at lines 835--836
[]|\T1/cmr/m/n/12 Martin RE-GNAUD, Thčse de Doc-to-rat CIFRE co-encadrée avec M
.-
 []


Overfull \hbox (6.0pt too wide) in alignment at lines 828--845
 [] [] 
 []

ignored error: Infinite glue shrinkage found in box being split [29]
Underfull \hbox (badness 10000) in paragraph at lines 851--893

 []

[30]
Underfull \hbox (badness 10000) in paragraph at lines 896--898

 []


Underfull \hbox (badness 10000) in paragraph at lines 901--912

 []

[31]
Underfull \hbox (badness 10000) in paragraph at lines 917--918

 []


Overfull \hbox (0.13786pt too wide) in paragraph at lines 924--944
\T1/cmr/m/n/12 - \T1/cmr/m/it/12 ADRES In-ter-na-tio-nal Confe-rence, Net-works
 of In-no-va-tion and Spa-tial Ana-ly-sis of Know-
 []


Underfull \hbox (badness 10000) in paragraph at lines 924--944

 []

[32]
Overfull \hbox (2.37914pt too wide) in paragraph at lines 951--994
\T1/cmr/m/n/12 - \T1/cmr/m/it/12 3$[]$ Spa-tial Eco-no-me-trics Work-shop\T1/cm
r/m/n/12 , BETA (UMR-CNRS 7522), Uni-ver-sité Louis Pasteur-
 []


Overfull \hbox (3.1412pt too wide) in paragraph at lines 951--994
\T1/cmr/m/n/12 - \T1/cmr/m/it/12 8$[]$ In-ter-na-tio-nal Confe-rence of the Eu-
ro-pean Union Stu-dies As-so-cia-tion\T1/cmr/m/n/12 , Na-sh-ville (Etats-
 []


Underfull \hbox (badness 10000) in paragraph at lines 951--994

 []

[33] [34]
Underfull \hbox (badness 10000) in paragraph at lines 1003--1004

 []


Overfull \hbox (6.0pt too wide) in alignment at lines 1005--1024
 [] [] 
 []

[35]
Underfull \hbox (badness 10000) in paragraph at lines 1028--1029

 []


Underfull \hbox (badness 1342) in paragraph at lines 1033--1034
[]|\T1/cmr/bx/n/12 Statistique et éco-no-mé-trie sur don-nées spa-tiales \T1/cm
r/m/n/12 (CM, Mas-ter
 []


Underfull \hbox (badness 1077) in paragraph at lines 1046--1047
[]|\T1/cmr/bx/n/12 Microéconométrie \T1/cmr/m/n/12 (CM, Mas-ter Economie-Gestio
n, spé-cia-lité Chargé
 []


Overfull \hbox (6.0pt too wide) in alignment at lines 1032--1062
 [] [] 
 []

ignored error: Infinite glue shrinkage found in box being split [36]
Overfull \hbox (6.0pt too wide) in alignment at lines 1068--1074
 [] [] 
 []


Overfull \hbox (6.0pt too wide) in alignment at lines 1080--1082
 [] [] 
 []


Underfull \hbox (badness 10000) in paragraph at lines 1084--1085

 []


Overfull \hbox (6.0pt too wide) in alignment at lines 1086--1098
 [] [] 
 []

ignored error: Infinite glue shrinkage found in box being split [37]
Underfull \hbox (badness 10000) in paragraph at lines 1102--1103

 []


Overfull \hbox (6.0pt too wide) in alignment at lines 1104--1106
 [] [] 
 []


Underfull \hbox (badness 10000) in paragraph at lines 1110--1111

 []


Overfull \hbox (6.0pt too wide) in alignment at lines 1112--1127
 [] [] 
 []

ignored error: Infinite glue shrinkage found in box being split [38]
Underfull \hbox (badness 10000) in paragraph at lines 1131--1132

 []


Overfull \hbox (6.0pt too wide) in alignment at lines 1135--1137
 [] [] 
 []


Underfull \hbox (badness 10000) in paragraph at lines 1141--1142

 []


Overfull \hbox (6.0pt too wide) in alignment at lines 1145--1147
 [] [] 
 []


Overfull \hbox (6.0pt too wide) in alignment at lines 1151--1153
 [] [] 
 []


Overfull \hbox (6.0pt too wide) in alignment at lines 1157--1159
 [] [] 
 []

[39] (CV_JLG.aux)
 ***********
LaTeX2e <2025-11-01>
L3 programming layer <2025-12-24>
 ***********
Package rerunfilecheck Info: File `CV_JLG.out' has not changed.
(rerunfilecheck)             Checksum: D41D8CD98F00B204E9800998ECF8427E;0.
 ) 
Here is how much of TeX's memory you used:
 11048 strings out of 467871
 176996 string characters out of 5418376
 632649 words of memory out of 5000000
 39742 multiletter control sequences out of 15000+600000
 643025 words of font info for 69 fonts, out of 8000000 for 9000
 1141 hyphenation exceptions out of 8191
 75i,7n,79p,4138b,589s stack positions out of 10000i,1000n,20000p,200000b,200000s
 <C:\Users\jlega\AppData\Local\MiKTeX\fonts/pk/ljfour/jknappen/ec/dpi600\ecxc
0800.pk> <C:\Users\jlega\AppData\Local\MiKTeX\fonts/pk/ljfour/jknappen/ec/dpi60
0\ecti0800.pk> <C:\Users\jlega\AppData\Local\MiKTeX\fonts/pk/ljfour/jknappen/ec
/dpi600\ecrm0800.pk> <C:\Users\jlega\AppData\Local\MiKTeX\fonts/pk/ljfour/jknap
pen/ec/dpi600\ecxc1200.pk> <C:\Users\jlega\AppData\Local\MiKTeX\fonts/pk/ljfour
/jknappen/ec/dpi600\ecxc2074.pk> <C:\Users\jlega\AppData\Local\MiKTeX\fonts/pk/
ljfour/jknappen/ec/dpi600\ecbx0800.pk> <C:\Users\jlega\AppData\Local\MiKTeX\fon
ts/pk/ljfour/jknappen/ec/dpi600\ecbi1200.pk> <C:\Users\jlega\AppData\Local\MiKT
eX\fonts/pk/ljfour/jknappen/ec/dpi600\ecbx1200.pk> <C:\Users\jlega\AppData\Loca
l\MiKTeX\fonts/pk/ljfour/jknappen/ec/dpi600\ectt1200.pk> <C:\Users\jlega\AppDat
a\Local\MiKTeX\fonts/pk/ljfour/jknappen/ec/dpi600\ecti1200.pk> <C:\Users\jlega\
AppData\Local\MiKTeX\fonts/pk/ljfour/jknappen/ec/dpi600\ecrm1200.pk> <C:\Users\
jlega\AppData\Local\MiKTeX\fonts/pk/ljfour/jknappen/ec/dpi600\tcrm1200.pk> <C:\
Users\jlega\AppData\Local\MiKTeX\fonts/pk/ljfour/jknappen/ec/dpi600\ecxc1440.pk
> <C:\Users\jlega\AppData\Local\MiKTeX\fonts/pk/ljfour/jknappen/ec/dpi600\ecbx1
440.pk> <C:\Users\jlega\AppData\Local\MiKTeX\fonts/pk/ljfour/jknappen/ec/dpi600
\ecbx1728.pk><C:/Users/jlega/AppData/Local/Programs/MiKTeX/fonts/type1/public/a
msfonts/cm/cmr12.pfb><C:/Users/jlega/AppData/Local/Programs/MiKTeX/fonts/type1/
urw/zapfding/uzdr.pfb>
Output written on CV_JLG.pdf (39 pages, 312678 bytes).
PDF statistics:
 789 PDF objects out of 1000 (max. 8388607)
 66 named destinations out of 1000 (max. 500000)
 1 words of extra memory for PDF output out of 10000 (max. 10000000)

